<?xml version="1.0" encoding="UTF-8"?>
<!-- Generated by org.testng.reporters.JUnitXMLReporter -->
<testsuite ignored="0" hostname="DESKTOP-BG8BQH6" failures="0" tests="10" name="Default test" time="82.488" errors="0" timestamp="2024-11-27T14:20:36 IST">
  <testcase classname="fitPeo.AssignmentTestng" name="NavigatingFitpeo" time="10.066"/>
  <testcase classname="fitPeo.AssignmentTestng" name="RevenueCalculatorPage" time="7.356"/>
  <testcase classname="fitPeo.AssignmentTestng" name="ScrollToSlider" time="3.228"/>
  <testcase classname="fitPeo.AssignmentTestng" name="UpdateTextField" time="7.805"/>
  <testcase classname="fitPeo.AssignmentTestng" name="ValidateSliderValue" time="0.118"/>
  <testcase classname="fitPeo.AssignmentTestng" name="SelectCPTCodes" time="25.843"/>
  <testcase classname="fitPeo.AssignmentTestng" name="TotalRecurringReimbursement" time="0.051"/>
  <testcase classname="fitPeo.AssignmentTestng" name="AdjustingTheSlider" time="8.877"/>
  <testcase classname="fitPeo.AssignmentTestng" name="ValidatTextfieldValue" time="3.039"/>
  <testcase classname="fitPeo.AssignmentTestng" name="HeaderTotalRecurringReimbursement" time="5.376"/>
</testsuite> <!-- Default test -->
